F:\黄盛志\VISUALC程序\DEFOGGING\DEBUG\DEFOGGING.EXE
F:\黄盛志\VISUALC程序\DEFOGGING\DEBUG\DEFOGGING.ILK
F:\黄盛志\VISUALC程序\DEFOGGING\DEBUG\DEFOGGING.PDB
F:\黄盛志\visualc程序\DeFogging\DeFogging\Debug\cl.command.1.tlog
F:\黄盛志\visualc程序\DeFogging\DeFogging\Debug\CL.read.1.tlog
F:\黄盛志\visualc程序\DeFogging\DeFogging\Debug\CL.write.1.tlog
F:\黄盛志\VISUALC程序\DEFOGGING\DEFOGGING\DEBUG\CWZDSPLASH.OBJ
F:\黄盛志\VISUALC程序\DEFOGGING\DEFOGGING\DEBUG\DEFOGGING.EXE.EMBED.MANIFEST
F:\黄盛志\VISUALC程序\DEFOGGING\DEFOGGING\DEBUG\DEFOGGING.EXE.EMBED.MANIFEST.RES
F:\黄盛志\VISUALC程序\DEFOGGING\DEFOGGING\DEBUG\DEFOGGING.EXE.INTERMEDIATE.MANIFEST
F:\黄盛志\VISUALC程序\DEFOGGING\DEFOGGING\DEBUG\DEFOGGING.OBJ
F:\黄盛志\VISUALC程序\DEFOGGING\DEFOGGING\DEBUG\DEFOGGING.PCH
F:\黄盛志\VISUALC程序\DEFOGGING\DEFOGGING\DEBUG\DEFOGGING.RES
F:\黄盛志\visualc程序\DeFogging\DeFogging\Debug\DeFogging.write.1.tlog
F:\黄盛志\visualc程序\DeFogging\DeFogging\Debug\DeFogging_manifest.rc
F:\黄盛志\VISUALC程序\DEFOGGING\DEFOGGING\DEBUG\DEFOGGINGDLG.OBJ
F:\黄盛志\visualc程序\DeFogging\DeFogging\Debug\link.command.1.tlog
F:\黄盛志\visualc程序\DeFogging\DeFogging\Debug\link.read.1.tlog
F:\黄盛志\visualc程序\DeFogging\DeFogging\Debug\link.write.1.tlog
F:\黄盛志\visualc程序\DeFogging\DeFogging\Debug\link-cvtres.read.1.tlog
F:\黄盛志\visualc程序\DeFogging\DeFogging\Debug\link-cvtres.write.1.tlog
F:\黄盛志\visualc程序\DeFogging\DeFogging\Debug\mt.command.1.tlog
F:\黄盛志\visualc程序\DeFogging\DeFogging\Debug\mt.read.1.tlog
F:\黄盛志\visualc程序\DeFogging\DeFogging\Debug\mt.write.1.tlog
F:\黄盛志\visualc程序\DeFogging\DeFogging\Debug\rc.command.1.tlog
F:\黄盛志\visualc程序\DeFogging\DeFogging\Debug\rc.read.1.tlog
F:\黄盛志\visualc程序\DeFogging\DeFogging\Debug\rc.write.1.tlog
F:\黄盛志\VISUALC程序\DEFOGGING\DEFOGGING\DEBUG\STDAFX.OBJ
F:\黄盛志\visualc程序\DeFogging\DeFogging\Debug\vc100.idb
F:\黄盛志\VISUALC程序\DEFOGGING\DEFOGGING\DEBUG\VC100.PDB
