生成启动时间为 2017/10/9 22:19:40。
     1>项目“F:\黄盛志\visualc程序\DeFogging\DeFogging\DeFogging.vcxproj”在节点 2 上(build 个目标)。
     1>InitializeBuildStatus:
         正在创建“Release\DeFogging.unsuccessfulbuild”，因为已指定“AlwaysCreate”。
       ClCompile:
         所有输出均为最新。
         D:\software_setup\vs2010\VC\bin\CL.exe /c /Iextern\include /Zi /nologo /W3 /WX- /O2 /Oi /Oy- /GL /D WIN32 /D _WINDOWS /D NDEBUG /D _UNICODE /D UNICODE /D _AFXDLL /Gm- /EHsc /MD /GS /Gy /fp:precise /Zc:wchar_t /Zc:forScope /Yu"StdAfx.h" /Fp"Release\DeFogging.pch" /Fo"Release\\" /Fd"Release\vc100.pdb" /Gd /TP /analyze- /errorReport:prompt DeFoggingDlg.cpp
         DeFoggingDlg.cpp
     1>DeFoggingDlg.cpp(650): warning C4244: “初始化”: 从“double”转换到“int”，可能丢失数据
     1>DeFoggingDlg.cpp(651): warning C4244: “初始化”: 从“double”转换到“int”，可能丢失数据
       ResourceCompile:
         所有输出均为最新。
       Link:
         D:\software_setup\vs2010\VC\bin\link.exe /ERRORREPORT:PROMPT /OUT:"F:\黄盛志\visualc程序\DeFogging\Release\DeFogging.exe" /INCREMENTAL:NO /NOLOGO /LIBPATH:extern\lib\win32\microsoft /LIBPATH:lib libmex.lib libmx.lib libmat.lib mclmcrrt.lib mclmcr.lib PWdehanze.lib /MANIFEST /ManifestFile:"Release\DeFogging.exe.intermediate.manifest" /MANIFESTUAC:"level='asInvoker' uiAccess='false'" /DEBUG /PDB:"F:\黄盛志\visualc程序\DeFogging\Release\DeFogging.pdb" /SUBSYSTEM:WINDOWS /OPT:REF /OPT:ICF /LTCG /TLBID:1 /ENTRY:"wWinMainCRTStartup" /DYNAMICBASE /NXCOMPAT /IMPLIB:"F:\黄盛志\visualc程序\DeFogging\Release\DeFogging.lib" /MACHINE:X86 Release\DeFogging.res
         Release\CwzdSplash.obj
         Release\DeFogging.obj
         Release\DeFoggingDlg.obj
         Release\stdafx.obj
         正在生成代码
         已完成代码的生成
         DeFogging.vcxproj -> F:\黄盛志\visualc程序\DeFogging\Release\DeFogging.exe
       Manifest:
         C:\Program Files (x86)\Microsoft SDKs\Windows\v7.0A\bin\mt.exe /nologo /verbose /outputresource:"F:\黄盛志\visualc程序\DeFogging\Release\DeFogging.exe;#1" /manifest Release\DeFogging.exe.intermediate.manifest D:\software_setup\vs2010\VC\Include\Manifest\dpiaware.manifest
       FinalizeBuildStatus:
         正在删除文件“Release\DeFogging.unsuccessfulbuild”。
         正在对“Release\DeFogging.lastbuildstate”执行 Touch 任务。
     1>已完成生成项目“F:\黄盛志\visualc程序\DeFogging\DeFogging\DeFogging.vcxproj”(build 个目标)的操作。

生成成功。

已用时间 00:00:03.64
